<?xml version="1.0" encoding="UTF-8"?>
<!-- Generated by org.testng.reporters.JUnitXMLReporter -->
<testsuite hostname="DESKTOP-8P7R3OH" ignored="0" name="InheritanceConcept" tests="1" failures="1" timestamp="07 Sep 2017 01:32:05 GMT" time="7.453" errors="0">
  <testcase name="createNewCustomerfromHomePage" time="7.412" classname="testClasses.CreateNewCustomer">
    <failure type="java.lang.NullPointerException">
      <![CDATA[java.lang.NullPointerException
	at org.openqa.selenium.remote.RemoteWebDriver.findElements(RemoteWebDriver.java:450)
	at org.openqa.selenium.remote.RemoteWebDriver.findElementsByXPath(RemoteWebDriver.java:517)
	at org.openqa.selenium.By$ByXPath.findElements(By.java:356)
	at org.openqa.selenium.remote.RemoteWebDriver.findElements(RemoteWebDriver.java:402)
	at org.openqa.selenium.support.ui.ExpectedConditions.findElement(ExpectedConditions.java:882)
	at org.openqa.selenium.support.ui.ExpectedConditions.access$000(ExpectedConditions.java:44)
	at org.openqa.selenium.support.ui.ExpectedConditions$6.apply(ExpectedConditions.java:183)
	at org.openqa.selenium.support.ui.ExpectedConditions$6.apply(ExpectedConditions.java:180)
	at org.openqa.selenium.support.ui.FluentWait.until(FluentWait.java:209)
	at utilities.Utilities.click(Utilities.java:35)
	at pageObjectClasses.HomePage.NewCustomerDetails(HomePage.java:31)
	at testClasses.CreateNewCustomer.createNewCustomerfromHomePage(CreateNewCustomer.java:46)
... Removed 25 stack frames]]>
    </failure>
  </testcase> <!-- createNewCustomerfromHomePage -->
</testsuite> <!-- InheritanceConcept -->
