<?xml version="1.0" encoding="UTF-8"?>
<!-- Generated by org.testng.reporters.JUnitXMLReporter -->
<testsuite hostname="DESKTOP-8P7R3OH" ignored="0" name="Default test" tests="4" failures="0" timestamp="23 Sep 2017 16:21:36 GMT" time="5.991" errors="0">
  <testcase name="DeletelandLords" time="5.673" classname="com.webservices.LandLords"/>
  <testcase name="GetlandLords" time="0.105" classname="com.webservices.LandLords"/>
  <testcase name="PostlandLords" time="0.064" classname="com.webservices.LandLords"/>
  <testcase name="PutlandLords" time="0.036" classname="com.webservices.LandLords"/>
</testsuite> <!-- Default test -->
