<?xml version="1.0" encoding="UTF-8"?>
<testng-results skipped="0" failed="0" ignored="0" total="1" passed="1">
  <reporter-output>
  </reporter-output>
  <suite name="Suite" duration-ms="7954" started-at="2017-08-21T03:47:19Z" finished-at="2017-08-21T03:47:27Z">
    <groups>
    </groups>
    <test name="InheritanceConcept" duration-ms="7954" started-at="2017-08-21T03:47:19Z" finished-at="2017-08-21T03:47:27Z">
      <class name="testClasses.CreateNewAccount">
        <test-method status="PASS" signature="createNewAccountfromHomePage(java.util.Map)[pri:0, instance:testClasses.CreateNewAccount@3159c4b8]" name="createNewAccountfromHomePage" duration-ms="7926" started-at="2017-08-20T22:47:19Z" data-provider="csvData" finished-at="2017-08-20T22:47:27Z">
          <params>
            <param index="0">
              <value>
                <![CDATA[{password=gUmAbut, username=mngr94040}]]>
              </value>
            </param>
          </params>
          <reporter-output>
          </reporter-output>
        </test-method> <!-- createNewAccountfromHomePage -->
      </class> <!-- testClasses.CreateNewAccount -->
    </test> <!-- InheritanceConcept -->
  </suite> <!-- Suite -->
</testng-results>
